<?xml version="1.0" encoding="UTF-8"?>
<TestRun id="a1b2c3d4-e5f6-7890-abcd-ef1234567890" name="MSTest Sample Run" runUser="DOMAIN\TestUser" xmlns="http://microsoft.com/schemas/VisualStudio/TeamTest/2010">
  <Times creation="2024-12-09T10:00:00.0000000-05:00" queuing="2024-12-09T10:00:00.0000000-05:00" start="2024-12-09T10:00:00.0000000-05:00" finish="2024-12-09T10:00:03.0000000-05:00"/>
  <TestSettings name="default" id="b2c3d4e5-f6a7-8901-bcde-f23456789012">
    <Execution>
      <TestTypeSpecific/>
    </Execution>
  </TestSettings>
  <Results>
    <UnitTestResult executionId="11111111-1111-1111-1111-111111111111" testId="aaaa1111-bbbb-cccc-dddd-eeee11111111" testName="TestMethod_ValidInput_ReturnsExpectedResult" computerName="TEST-MACHINE" duration="00:00:00.4560000" startTime="2024-12-09T10:00:00.0000000-05:00" endTime="2024-12-09T10:00:00.4560000-05:00" testType="13cdc9d9-ddb5-4fa4-a97d-d965ccfc6d4b" outcome="Passed" testListId="8c84fa94-04c1-424b-9868-57a2d4851a1d">
      <Output>
        <StdOut>Test completed successfully with valid input.</StdOut>
      </Output>
    </UnitTestResult>
    <UnitTestResult executionId="22222222-2222-2222-2222-222222222222" testId="bbbb2222-cccc-dddd-eeee-ffff22222222" testName="TestMethod_InvalidInput_ThrowsArgumentException" computerName="TEST-MACHINE" duration="00:00:00.2340000" startTime="2024-12-09T10:00:01.0000000-05:00" endTime="2024-12-09T10:00:01.2340000-05:00" testType="13cdc9d9-ddb5-4fa4-a97d-d965ccfc6d4b" outcome="Passed" testListId="8c84fa94-04c1-424b-9868-57a2d4851a1d">
    </UnitTestResult>
    <UnitTestResult executionId="33333333-3333-3333-3333-333333333333" testId="cccc3333-dddd-eeee-ffff-aaaa33333333" testName="TestMethod_NullInput_ReturnsNull" computerName="TEST-MACHINE" duration="00:00:00.8900000" startTime="2024-12-09T10:00:02.0000000-05:00" endTime="2024-12-09T10:00:02.8900000-05:00" testType="13cdc9d9-ddb5-4fa4-a97d-d965ccfc6d4b" outcome="Failed" testListId="8c84fa94-04c1-424b-9868-57a2d4851a1d">
      <Output>
        <ErrorInfo>
          <Message>Assert.IsNull failed. Expected: null. Actual: (not null).</Message>
          <StackTrace>   at MyApp.Tests.SampleTests.TestMethod_NullInput_ReturnsNull() in C:\Projects\MyApp\Tests\SampleTests.cs:line 45</StackTrace>
        </ErrorInfo>
      </Output>
    </UnitTestResult>
    <UnitTestResult executionId="44444444-4444-4444-4444-444444444444" testId="dddd4444-eeee-ffff-aaaa-bbbb44444444" testName="TestMethod_EdgeCase_HandledGracefully" computerName="TEST-MACHINE" duration="00:00:00.0000000" startTime="2024-12-09T10:00:03.0000000-05:00" endTime="2024-12-09T10:00:03.0000000-05:00" testType="13cdc9d9-ddb5-4fa4-a97d-d965ccfc6d4b" outcome="NotExecuted" testListId="8c84fa94-04c1-424b-9868-57a2d4851a1d">
      <Output>
        <StdOut>Test skipped: Edge case testing requires additional configuration.</StdOut>
      </Output>
    </UnitTestResult>
  </Results>
  <TestDefinitions>
    <UnitTest name="TestMethod_ValidInput_ReturnsExpectedResult" storage="myapp.tests.dll" id="aaaa1111-bbbb-cccc-dddd-eeee11111111">
      <Execution id="11111111-1111-1111-1111-111111111111"/>
      <TestMethod codeBase="MyApp.Tests.dll" adapterTypeName="executor://mstestadapter/v2" className="MyApp.Tests.SampleTests" name="TestMethod_ValidInput_ReturnsExpectedResult"/>
    </UnitTest>
    <UnitTest name="TestMethod_InvalidInput_ThrowsArgumentException" storage="myapp.tests.dll" id="bbbb2222-cccc-dddd-eeee-ffff22222222">
      <Execution id="22222222-2222-2222-2222-222222222222"/>
      <TestMethod codeBase="MyApp.Tests.dll" adapterTypeName="executor://mstestadapter/v2" className="MyApp.Tests.SampleTests" name="TestMethod_InvalidInput_ThrowsArgumentException"/>
    </UnitTest>
    <UnitTest name="TestMethod_NullInput_ReturnsNull" storage="myapp.tests.dll" id="cccc3333-dddd-eeee-ffff-aaaa33333333">
      <Execution id="33333333-3333-3333-3333-333333333333"/>
      <TestMethod codeBase="MyApp.Tests.dll" adapterTypeName="executor://mstestadapter/v2" className="MyApp.Tests.SampleTests" name="TestMethod_NullInput_ReturnsNull"/>
    </UnitTest>
    <UnitTest name="TestMethod_EdgeCase_HandledGracefully" storage="myapp.tests.dll" id="dddd4444-eeee-ffff-aaaa-bbbb44444444">
      <Execution id="44444444-4444-4444-4444-444444444444"/>
      <TestMethod codeBase="MyApp.Tests.dll" adapterTypeName="executor://mstestadapter/v2" className="MyApp.Tests.SampleTests" name="TestMethod_EdgeCase_HandledGracefully"/>
    </UnitTest>
  </TestDefinitions>
  <TestLists>
    <TestList name="Results Not in a List" id="8c84fa94-04c1-424b-9868-57a2d4851a1d"/>
    <TestList name="All Loaded Results" id="19431567-8539-422a-85d7-44ee4e166bda"/>
  </TestLists>
  <ResultSummary outcome="Failed">
    <Counters total="4" executed="3" passed="2" failed="1" error="0" timeout="0" aborted="0" inconclusive="0" passedButRunAborted="0" notRunnable="0" notExecuted="1" disconnected="0" warning="0" completed="0" inProgress="0" pending="0"/>
  </ResultSummary>
</TestRun>
